2015-05-05 17:47:40[WARN] user: javi
http://localhost:3000/
N+1 Query detected
  Tweet => [:user]
  Add to your finder: :includes => [:user]
N+1 Query method call stack
  /home/javi/Documentos/Mineria/Game4U/app/views/shared/_feed_item.html.slim:2:in `_app_views_shared__feed_item_html_slim__1667556195382799788_70205669681300'
  /home/javi/Documentos/Mineria/Game4U/app/views/shared/_feed.html.slim:3:in `_app_views_shared__feed_html_slim___1608264492675375669_70205671730720'
  /home/javi/Documentos/Mineria/Game4U/app/views/static_pages/home.html.slim:11:in `_app_views_static_pages_home_html_slim__3766972610417430972_70205673159040'
2015-05-05 17:48:26[WARN] user: javi
http://localhost:3000/
N+1 Query detected
  Tweet => [:user]
  Add to your finder: :includes => [:user]
N+1 Query method call stack
  /home/javi/Documentos/Mineria/Game4U/app/views/shared/_feed_item.html.slim:2:in `_app_views_shared__feed_item_html_slim__1667556195382799788_70205669681300'
  /home/javi/Documentos/Mineria/Game4U/app/views/shared/_feed.html.slim:3:in `_app_views_shared__feed_html_slim___1608264492675375669_70205671730720'
  /home/javi/Documentos/Mineria/Game4U/app/views/static_pages/home.html.slim:11:in `_app_views_static_pages_home_html_slim__3766972610417430972_70205673159040'
2015-05-11 13:31:32[WARN] user: javi
http://localhost:3000/
N+1 Query detected
  Tweet => [:user]
  Add to your finder: :includes => [:user]
N+1 Query method call stack
  /home/javi/Documentos/Mineria/Game4U/app/views/shared/_feed_item.html.slim:2:in `_app_views_shared__feed_item_html_slim___3590240229139538505_69968580310020'
  /home/javi/Documentos/Mineria/Game4U/app/views/shared/_feed.html.slim:3:in `_app_views_shared__feed_html_slim__3904702200516208155_69968582306660'
  /home/javi/Documentos/Mineria/Game4U/app/views/static_pages/home.html.slim:11:in `_app_views_static_pages_home_html_slim___1375641175062322634_69968734210180'
2015-05-11 13:31:42[WARN] user: javi
http://localhost:3000/
N+1 Query detected
  Tweet => [:user]
  Add to your finder: :includes => [:user]
N+1 Query method call stack
  /home/javi/Documentos/Mineria/Game4U/app/views/shared/_feed_item.html.slim:2:in `_app_views_shared__feed_item_html_slim___3590240229139538505_69968583944320'
  /home/javi/Documentos/Mineria/Game4U/app/views/shared/_feed.html.slim:3:in `_app_views_shared__feed_html_slim__3904702200516208155_69968584828640'
  /home/javi/Documentos/Mineria/Game4U/app/views/static_pages/home.html.slim:11:in `_app_views_static_pages_home_html_slim___1375641175062322634_69968581863760'
2015-05-11 13:31:49[WARN] user: javi
http://localhost:3000/tweets
N+1 Query detected
  Tweet => [:user]
  Add to your finder: :includes => [:user]
N+1 Query method call stack
  /home/javi/Documentos/Mineria/Game4U/app/views/shared/_feed_item.html.slim:2:in `_app_views_shared__feed_item_html_slim___3590240229139538505_69968583944320'
  /home/javi/Documentos/Mineria/Game4U/app/views/shared/_feed.html.slim:3:in `_app_views_shared__feed_html_slim__3904702200516208155_69968584828640'
  /home/javi/Documentos/Mineria/Game4U/app/views/static_pages/home.html.slim:11:in `_app_views_static_pages_home_html_slim___1375641175062322634_69968581863760'
  /home/javi/Documentos/Mineria/Game4U/app/controllers/tweets_controller.rb:9:in `index'
2015-05-11 13:32:11[WARN] user: javi
http://localhost:3000/
N+1 Query detected
  Tweet => [:user]
  Add to your finder: :includes => [:user]
N+1 Query method call stack
  /home/javi/Documentos/Mineria/Game4U/app/views/shared/_feed_item.html.slim:2:in `_app_views_shared__feed_item_html_slim___3590240229139538505_69968583944320'
  /home/javi/Documentos/Mineria/Game4U/app/views/shared/_feed.html.slim:3:in `_app_views_shared__feed_html_slim__3904702200516208155_69968584828640'
  /home/javi/Documentos/Mineria/Game4U/app/views/static_pages/home.html.slim:11:in `_app_views_static_pages_home_html_slim___1375641175062322634_69968581863760'
2015-05-11 13:36:48[WARN] user: javi
http://localhost:3000/
N+1 Query detected
  Tweet => [:user]
  Add to your finder: :includes => [:user]
N+1 Query method call stack
  /home/javi/Documentos/Mineria/Game4U/app/views/shared/_feed_item.html.slim:2:in `_app_views_shared__feed_item_html_slim___4173523085016808984_70127941916320'
  /home/javi/Documentos/Mineria/Game4U/app/views/shared/_feed.html.slim:3:in `_app_views_shared__feed_html_slim__4438109887768886540_70127942697460'
  /home/javi/Documentos/Mineria/Game4U/app/views/static_pages/home.html.slim:11:in `_app_views_static_pages_home_html_slim__1536016984331027488_70127940673020'
2015-05-11 13:36:53[WARN] user: javi
http://localhost:3000/
N+1 Query detected
  Tweet => [:user]
  Add to your finder: :includes => [:user]
N+1 Query method call stack
  /home/javi/Documentos/Mineria/Game4U/app/views/shared/_feed_item.html.slim:2:in `_app_views_shared__feed_item_html_slim___4173523085016808984_70127941916320'
  /home/javi/Documentos/Mineria/Game4U/app/views/shared/_feed.html.slim:3:in `_app_views_shared__feed_html_slim__4438109887768886540_70127942697460'
  /home/javi/Documentos/Mineria/Game4U/app/views/static_pages/home.html.slim:11:in `_app_views_static_pages_home_html_slim__1536016984331027488_70127940673020'
2015-05-11 13:39:15[WARN] user: javi
http://localhost:3000/
N+1 Query detected
  Tweet => [:user]
  Add to your finder: :includes => [:user]
N+1 Query method call stack
  /home/javi/Documentos/Mineria/Game4U/app/views/shared/_feed_item.html.slim:2:in `_app_views_shared__feed_item_html_slim___4173523085016808984_70127941916320'
  /home/javi/Documentos/Mineria/Game4U/app/views/shared/_feed.html.slim:3:in `_app_views_shared__feed_html_slim__4438109887768886540_70127942697460'
  /home/javi/Documentos/Mineria/Game4U/app/views/static_pages/home.html.slim:11:in `_app_views_static_pages_home_html_slim__1536016984331027488_70127940673020'
2015-05-11 13:40:28[WARN] user: javi
http://localhost:3000/
N+1 Query detected
  Tweet => [:user]
  Add to your finder: :includes => [:user]
N+1 Query method call stack
  /home/javi/Documentos/Mineria/Game4U/app/views/shared/_feed_item.html.slim:2:in `_app_views_shared__feed_item_html_slim___4173523085016808984_70127941916320'
  /home/javi/Documentos/Mineria/Game4U/app/views/shared/_feed.html.slim:3:in `_app_views_shared__feed_html_slim__4438109887768886540_70127942697460'
  /home/javi/Documentos/Mineria/Game4U/app/views/static_pages/home.html.slim:11:in `_app_views_static_pages_home_html_slim__1536016984331027488_70127940673020'
2015-05-11 13:40:32[WARN] user: javi
http://localhost:3000/
N+1 Query detected
  Tweet => [:user]
  Add to your finder: :includes => [:user]
N+1 Query method call stack
  /home/javi/Documentos/Mineria/Game4U/app/views/shared/_feed_item.html.slim:2:in `_app_views_shared__feed_item_html_slim___4173523085016808984_70127941916320'
  /home/javi/Documentos/Mineria/Game4U/app/views/shared/_feed.html.slim:3:in `_app_views_shared__feed_html_slim__4438109887768886540_70127942697460'
  /home/javi/Documentos/Mineria/Game4U/app/views/static_pages/home.html.slim:11:in `_app_views_static_pages_home_html_slim__1536016984331027488_70127940673020'
2015-05-11 13:41:08[WARN] user: javi
http://localhost:3000/tweets
N+1 Query detected
  Tweet => [:user]
  Add to your finder: :includes => [:user]
N+1 Query method call stack
  /home/javi/Documentos/Mineria/Game4U/app/views/shared/_feed_item.html.slim:2:in `_app_views_shared__feed_item_html_slim___4173523085016808984_70127802273400'
  /home/javi/Documentos/Mineria/Game4U/app/views/shared/_feed.html.slim:3:in `_app_views_shared__feed_html_slim__4438109887768886540_70127806040960'
  /home/javi/Documentos/Mineria/Game4U/app/views/static_pages/home.html.slim:11:in `_app_views_static_pages_home_html_slim__1536016984331027488_70127819560920'
  /home/javi/Documentos/Mineria/Game4U/app/controllers/tweets_controller.rb:9:in `index'
2015-05-11 13:43:04[WARN] user: javi
http://localhost:3000/
N+1 Query detected
  Tweet => [:user]
  Add to your finder: :includes => [:user]
N+1 Query method call stack
  /home/javi/Documentos/Mineria/Game4U/app/views/shared/_feed_item.html.slim:2:in `_app_views_shared__feed_item_html_slim___4173523085016808984_70127802273400'
  /home/javi/Documentos/Mineria/Game4U/app/views/shared/_feed.html.slim:3:in `_app_views_shared__feed_html_slim__4438109887768886540_70127806040960'
  /home/javi/Documentos/Mineria/Game4U/app/views/static_pages/home.html.slim:11:in `_app_views_static_pages_home_html_slim__1536016984331027488_70127819560920'
2015-05-11 13:43:06[WARN] user: javi
http://localhost:3000/tweets
N+1 Query detected
  Tweet => [:user]
  Add to your finder: :includes => [:user]
N+1 Query method call stack
  /home/javi/Documentos/Mineria/Game4U/app/views/shared/_feed_item.html.slim:2:in `_app_views_shared__feed_item_html_slim___4173523085016808984_70127802273400'
  /home/javi/Documentos/Mineria/Game4U/app/views/shared/_feed.html.slim:3:in `_app_views_shared__feed_html_slim__4438109887768886540_70127806040960'
  /home/javi/Documentos/Mineria/Game4U/app/views/static_pages/home.html.slim:11:in `_app_views_static_pages_home_html_slim__1536016984331027488_70127819560920'
  /home/javi/Documentos/Mineria/Game4U/app/controllers/tweets_controller.rb:9:in `index'
2015-05-11 13:51:45[WARN] user: javi
http://localhost:3000/
N+1 Query detected
  Tweet => [:user]
  Add to your finder: :includes => [:user]
N+1 Query method call stack
  /home/javi/Documentos/Mineria/Game4U/app/views/shared/_feed_item.html.slim:2:in `_app_views_shared__feed_item_html_slim___4173523085016808984_70127941916320'
  /home/javi/Documentos/Mineria/Game4U/app/views/shared/_feed.html.slim:3:in `_app_views_shared__feed_html_slim__4438109887768886540_70127942697460'
  /home/javi/Documentos/Mineria/Game4U/app/views/static_pages/home.html.slim:11:in `_app_views_static_pages_home_html_slim__1536016984331027488_70127940673020'
